<?xml version="1.0" encoding="UTF-8"?>
<testsuites>
  <testsuite name="BasicTest" file="/Users/adim/dev/msc/software-engineering/Project/MUNext/tests/Unit/BasicTest.php" tests="5" assertions="13" errors="0" warnings="0" failures="0" skipped="0" time="0.457041">
    <testcase name="testPasswordHashing" class="BasicTest" classname="BasicTest" file="/Users/adim/dev/msc/software-engineering/Project/MUNext/tests/Unit/BasicTest.php" line="7" assertions="2" time="0.456440"/>
    <testcase name="testEmailValidation" class="BasicTest" classname="BasicTest" file="/Users/adim/dev/msc/software-engineering/Project/MUNext/tests/Unit/BasicTest.php" line="16" assertions="2" time="0.000386"/>
    <testcase name="testGetBrowserInfo" class="BasicTest" classname="BasicTest" file="/Users/adim/dev/msc/software-engineering/Project/MUNext/tests/Unit/BasicTest.php" line="29" assertions="3" time="0.000064"/>
    <testcase name="testGetOperatingSystem" class="BasicTest" classname="BasicTest" file="/Users/adim/dev/msc/software-engineering/Project/MUNext/tests/Unit/BasicTest.php" line="47" assertions="3" time="0.000070"/>
    <testcase name="testGetDeviceType" class="BasicTest" classname="BasicTest" file="/Users/adim/dev/msc/software-engineering/Project/MUNext/tests/Unit/BasicTest.php" line="65" assertions="3" time="0.000081"/>
  </testsuite>
</testsuites>
